<?xml version="1.0" encoding="UTF-8"?>
<!-- Generated by org.testng.reporters.JUnitXMLReporter -->
<testsuite ignored="0" hostname="SAIAPARNA" failures="0" tests="4" name="GBITTests" time="30.91" errors="0" timestamp="2025-04-01T17:23:31 GMT-05:00">
  <testcase classname="GBIT.SingUp" name="testSignUp" time="7.566"/>
  <testcase classname="GBIT.Forgotpass" name="testSignUp" time="7.071"/>
  <testcase classname="GBIT.SaveProp" name="testSignUp" time="6.875"/>
  <testcase classname="Testing.TestingNG" name="testDropdown" time="3.797"/>
</testsuite> <!-- GBITTests -->
