<?xml version="1.0" encoding="UTF-8"?>
<!-- Generated by org.testng.reporters.JUnitXMLReporter -->
<testsuite ignored="0" hostname="SAIAPARNA" failures="0" tests="4" name="GBITTests" time="29.456" errors="0" timestamp="2025-04-01T12:24:36 GMT-05:00">
  <testcase classname="GBIT.SingUp" name="testSignUp" time="7.271"/>
  <testcase classname="GBIT.Forgotpass" name="testSignUp" time="6.818"/>
  <testcase classname="GBIT.SaveProp" name="testSignUp" time="6.697"/>
  <testcase classname="Testing.TestingNG" name="testDropdown" time="3.677"/>
</testsuite> <!-- GBITTests -->
