<?xml version="1.0" encoding="UTF-8"?>
<testng-results ignored="0" total="1" passed="1" failed="0" skipped="0">
  <reporter-output>
  </reporter-output>
  <suite started-at="2025-04-01T18:14:35 GMT-05:00" name="Default suite" finished-at="2025-04-01T18:14:44 GMT-05:00" duration-ms="8517">
    <groups>
    </groups>
    <test started-at="2025-04-01T18:14:35 GMT-05:00" name="Default test" finished-at="2025-04-01T18:14:44 GMT-05:00" duration-ms="8517">
      <class name="GBIT.Forgotpass">
        <test-method is-config="true" signature="setUp()[pri:0, instance:GBIT.Forgotpass@359df09a]" started-at="2025-04-01T18:14:35 GMT-05:00" name="setUp" finished-at="2025-04-01T18:14:36 GMT-05:00" duration-ms="1304" status="PASS">
          <reporter-output>
          </reporter-output>
        </test-method> <!-- setUp -->
        <test-method signature="testSignUp()[pri:0, instance:GBIT.Forgotpass@359df09a]" started-at="2025-04-01T18:14:36 GMT-05:00" name="testSignUp" finished-at="2025-04-01T18:14:44 GMT-05:00" duration-ms="7037" status="PASS">
          <reporter-output>
          </reporter-output>
        </test-method> <!-- testSignUp -->
        <test-method is-config="true" signature="tearDown()[pri:0, instance:GBIT.Forgotpass@359df09a]" started-at="2025-04-01T18:14:44 GMT-05:00" name="tearDown" finished-at="2025-04-01T18:14:44 GMT-05:00" duration-ms="132" status="PASS">
          <reporter-output>
          </reporter-output>
        </test-method> <!-- tearDown -->
      </class> <!-- GBIT.Forgotpass -->
    </test> <!-- Default test -->
  </suite> <!-- Default suite -->
</testng-results>
