<?xml version="1.0" encoding="UTF-8"?>
<testng-results ignored="0" total="4" passed="4" failed="0" skipped="0">
  <reporter-output>
  </reporter-output>
  <suite started-at="2025-04-01T12:24:07 GMT-05:00" name="AutomationSuite" finished-at="2025-04-01T12:24:36 GMT-05:00" duration-ms="29456">
    <groups>
    </groups>
    <test started-at="2025-04-01T12:24:07 GMT-05:00" name="GBITTests" finished-at="2025-04-01T12:24:36 GMT-05:00" duration-ms="29456">
      <class name="GBIT.SaveProp">
        <test-method is-config="true" signature="setUp()[pri:0, instance:GBIT.SaveProp@7a35b0f5]" started-at="2025-04-01T12:24:24 GMT-05:00" name="setUp" finished-at="2025-04-01T12:24:25 GMT-05:00" duration-ms="801" status="PASS">
          <reporter-output>
          </reporter-output>
        </test-method> <!-- setUp -->
        <test-method signature="testSignUp()[pri:0, instance:GBIT.SaveProp@7a35b0f5]" started-at="2025-04-01T12:24:25 GMT-05:00" name="testSignUp" finished-at="2025-04-01T12:24:31 GMT-05:00" duration-ms="6697" status="PASS">
          <reporter-output>
          </reporter-output>
        </test-method> <!-- testSignUp -->
      </class> <!-- GBIT.SaveProp -->
      <class name="Testing.TestingNG">
        <test-method is-config="true" signature="setUp()[pri:0, instance:Testing.TestingNG@5e2c3d18]" started-at="2025-04-01T12:24:31 GMT-05:00" name="setUp" finished-at="2025-04-01T12:24:32 GMT-05:00" duration-ms="795" status="PASS">
          <reporter-output>
          </reporter-output>
        </test-method> <!-- setUp -->
        <test-method signature="testDropdown()[pri:0, instance:Testing.TestingNG@5e2c3d18]" started-at="2025-04-01T12:24:32 GMT-05:00" name="testDropdown" finished-at="2025-04-01T12:24:36 GMT-05:00" duration-ms="3677" status="PASS">
          <reporter-output>
          </reporter-output>
        </test-method> <!-- testDropdown -->
        <test-method is-config="true" signature="tearDown()[pri:0, instance:Testing.TestingNG@5e2c3d18]" started-at="2025-04-01T12:24:36 GMT-05:00" name="tearDown" finished-at="2025-04-01T12:24:36 GMT-05:00" duration-ms="403" status="PASS">
          <reporter-output>
          </reporter-output>
        </test-method> <!-- tearDown -->
      </class> <!-- Testing.TestingNG -->
      <class name="GBIT.Forgotpass">
        <test-method is-config="true" signature="setUp()[pri:0, instance:GBIT.Forgotpass@68c9133c]" started-at="2025-04-01T12:24:16 GMT-05:00" name="setUp" finished-at="2025-04-01T12:24:17 GMT-05:00" duration-ms="889" status="PASS">
          <reporter-output>
          </reporter-output>
        </test-method> <!-- setUp -->
        <test-method signature="testSignUp()[pri:0, instance:GBIT.Forgotpass@68c9133c]" started-at="2025-04-01T12:24:17 GMT-05:00" name="testSignUp" finished-at="2025-04-01T12:24:24 GMT-05:00" duration-ms="6818" status="PASS">
          <reporter-output>
          </reporter-output>
        </test-method> <!-- testSignUp -->
        <test-method is-config="true" signature="tearDown()[pri:0, instance:GBIT.Forgotpass@68c9133c]" started-at="2025-04-01T12:24:24 GMT-05:00" name="tearDown" finished-at="2025-04-01T12:24:24 GMT-05:00" duration-ms="128" status="PASS">
          <reporter-output>
          </reporter-output>
        </test-method> <!-- tearDown -->
      </class> <!-- GBIT.Forgotpass -->
      <class name="GBIT.SingUp">
        <test-method is-config="true" signature="setUp()[pri:0, instance:GBIT.SingUp@2e8c1c9b]" started-at="2025-04-01T12:24:07 GMT-05:00" name="setUp" finished-at="2025-04-01T12:24:09 GMT-05:00" duration-ms="1714" status="PASS">
          <reporter-output>
          </reporter-output>
        </test-method> <!-- setUp -->
        <test-method signature="testSignUp()[pri:0, instance:GBIT.SingUp@2e8c1c9b]" started-at="2025-04-01T12:24:09 GMT-05:00" name="testSignUp" finished-at="2025-04-01T12:24:16 GMT-05:00" duration-ms="7271" status="PASS">
          <reporter-output>
          </reporter-output>
        </test-method> <!-- testSignUp -->
        <test-method is-config="true" signature="tearDown()[pri:0, instance:GBIT.SingUp@2e8c1c9b]" started-at="2025-04-01T12:24:16 GMT-05:00" name="tearDown" finished-at="2025-04-01T12:24:16 GMT-05:00" duration-ms="185" status="PASS">
          <reporter-output>
          </reporter-output>
        </test-method> <!-- tearDown -->
      </class> <!-- GBIT.SingUp -->
    </test> <!-- GBITTests -->
  </suite> <!-- AutomationSuite -->
</testng-results>
